This file contains any messages produced by compilers while
running configure, to aid debugging if configure makes a mistake.

It was created by ECE4750 Microbenchmark Suite configure ?, which was
generated by GNU Autoconf 2.71.  Invocation command line was

  $ ../configure --host=riscv32-unknown-elf

## --------- ##
## Platform. ##
## --------- ##

hostname = LAPTOP-6BANPGCT
uname -m = x86_64
uname -r = 5.15.167.4-microsoft-standard-WSL2
uname -s = Linux
uname -v = #1 SMP Tue Nov 5 00:21:55 UTC 2024

/usr/bin/uname -p = x86_64
/bin/uname -X     = unknown

/bin/arch              = x86_64
/usr/bin/arch -k       = unknown
/usr/convex/getsysinfo = unknown
/usr/bin/hostinfo      = unknown
/bin/machine           = unknown
/usr/bin/oslevel       = unknown
/bin/universe          = unknown

PATH: /opt/riscv/bin/
PATH: /usr/local/sbin/
PATH: /usr/local/bin/
PATH: /usr/sbin/
PATH: /usr/bin/
PATH: /sbin/
PATH: /bin/
PATH: /usr/games/
PATH: /usr/local/games/
PATH: /usr/lib/wsl/lib/
PATH: /mnt/c/Program Files/AdoptOpenJDK/jdk-11.0.10.9-hotspot/bin/
PATH: /mnt/c/Program Files/Common Files/Oracle/Java/javapath/
PATH: /mnt/c/Program Files (x86)/Common Files/Oracle/Java/javapath/
PATH: /mnt/c/Windows/system32/
PATH: /mnt/c/Windows/
PATH: /mnt/c/Windows/System32/Wbem/
PATH: /mnt/c/Windows/System32/WindowsPowerShell/v1.0/
PATH: /mnt/c/Windows/System32/OpenSSH/
PATH: /mnt/c/Program Files (x86)/NVIDIA Corporation/PhysX/Common/
PATH: /mnt/c/Program Files/AMD/AMDuProf/bin/
PATH: /mnt/c/WINDOWS/system32/
PATH: /mnt/c/WINDOWS/
PATH: /mnt/c/WINDOWS/System32/Wbem/
PATH: /mnt/c/WINDOWS/System32/WindowsPowerShell/v1.0/
PATH: /mnt/c/WINDOWS/System32/OpenSSH/
PATH: /mnt/c/Program Files (x86)/Pulse Secure/VC142.CRT/X64/
PATH: /mnt/c/Program Files (x86)/Pulse Secure/VC142.CRT/X86/
PATH: /mnt/c/Program Files (x86)/Common Files/Pulse Secure/TNC Client Plugin/
PATH: /mnt/c/Program Files/Git/cmd/
PATH: /mnt/c/Users/w2cn/AppData/Local/Programs/Python/Python312/Scripts/
PATH: /mnt/c/Users/w2cn/AppData/Local/Programs/Python/Python312/
PATH: /mnt/c/Users/w2cn/AppData/Local/Microsoft/WindowsApps/
PATH: /mnt/c/Users/w2cn/AppData/Local/Programs/Microsoft VS Code/bin/
PATH: /snap/bin/


## ----------- ##
## Core tests. ##
## ----------- ##

configure:2355: looking for aux files: install-sh config.guess config.sub
configure:2368:  trying ../scripts/
configure:2382:   ../scripts/install.sh found
configure:2397:   ../scripts/config.guess found
configure:2397:   ../scripts/config.sub found
configure:2517: checking build system type
configure:2532: result: x86_64-unknown-linux-gnu
configure:2552: checking host system type
configure:2566: result: riscv32-unknown-elf
configure:2609: checking for riscv32-unknown-elf-gcc
configure:2630: found /opt/riscv/bin/riscv32-unknown-elf-gcc
configure:2641: result: riscv32-unknown-elf-gcc
configure:3039: checking for C compiler version
configure:3048: riscv32-unknown-elf-gcc --version >&5
riscv32-unknown-elf-gcc () 13.2.0
Copyright (C) 2023 Free Software Foundation, Inc.
This is free software; see the source for copying conditions.  There is NO
warranty; not even for MERCHANTABILITY or FITNESS FOR A PARTICULAR PURPOSE.

configure:3059: $? = 0
configure:3048: riscv32-unknown-elf-gcc -v >&5
Using built-in specs.
COLLECT_GCC=riscv32-unknown-elf-gcc
COLLECT_LTO_WRAPPER=/opt/riscv/libexec/gcc/riscv32-unknown-elf/13.2.0/lto-wrapper
Target: riscv32-unknown-elf
Configured with: /home/wsl/riscv-gnu-toolchain/gcc/configure --target=riscv32-unknown-elf --prefix=/opt/riscv --disable-shared --disable-threads --enable-languages=c,c++ --with-pkgversion= --with-system-zlib --enable-tls --with-newlib --with-sysroot=/opt/riscv/riscv32-unknown-elf --with-native-system-header-dir=/include --disable-libmudflap --disable-libssp --disable-libquadmath --disable-libgomp --disable-nls --disable-tm-clone-registry --src=.././gcc --disable-multilib --with-abi=ilp32 --with-arch=rv32imzicsr --with-tune=rocket --with-isa-spec=20191213 'CFLAGS_FOR_TARGET=-Os    -mcmodel=medlow' 'CXXFLAGS_FOR_TARGET=-Os    -mcmodel=medlow'
Thread model: single
Supported LTO compression algorithms: zlib
gcc version 13.2.0 () 
configure:3059: $? = 0
configure:3048: riscv32-unknown-elf-gcc -V >&5
riscv32-unknown-elf-gcc: error: unrecognized command-line option '-V'
riscv32-unknown-elf-gcc: fatal error: no input files
compilation terminated.
configure:3059: $? = 1
configure:3048: riscv32-unknown-elf-gcc -qversion >&5
riscv32-unknown-elf-gcc: error: unrecognized command-line option '-qversion'; did you mean '--version'?
riscv32-unknown-elf-gcc: fatal error: no input files
compilation terminated.
configure:3059: $? = 1
configure:3048: riscv32-unknown-elf-gcc -version >&5
riscv32-unknown-elf-gcc: error: unrecognized command-line option '-version'
riscv32-unknown-elf-gcc: fatal error: no input files
compilation terminated.
configure:3059: $? = 1
configure:3079: checking whether the C compiler works
configure:3101: riscv32-unknown-elf-gcc    conftest.c  >&5
configure:3105: $? = 0
configure:3155: result: yes
configure:3158: checking for C compiler default output file name
configure:3160: result: a.out
configure:3166: checking for suffix of executables
configure:3173: riscv32-unknown-elf-gcc -o conftest    conftest.c  >&5
configure:3177: $? = 0
configure:3200: result: 
configure:3222: checking whether we are cross compiling
configure:3230: riscv32-unknown-elf-gcc -o conftest    conftest.c  >&5
configure:3234: $? = 0
configure:3241: ./conftest
../configure: line 3243: ./conftest: cannot execute binary file: Exec format error
configure:3245: $? = 126
configure:3260: result: yes
configure:3265: checking for suffix of object files
configure:3288: riscv32-unknown-elf-gcc -c   conftest.c >&5
configure:3292: $? = 0
configure:3314: result: o
configure:3318: checking whether the compiler supports GNU C
configure:3338: riscv32-unknown-elf-gcc -c   conftest.c >&5
configure:3338: $? = 0
configure:3348: result: yes
configure:3359: checking whether riscv32-unknown-elf-gcc accepts -g
configure:3380: riscv32-unknown-elf-gcc -c -g  conftest.c >&5
configure:3380: $? = 0
configure:3424: result: yes
configure:3444: checking for riscv32-unknown-elf-gcc option to enable C11 features
configure:3459: riscv32-unknown-elf-gcc  -c -g -O2  conftest.c >&5
configure:3459: $? = 0
configure:3477: result: none needed
configure:3611: checking for riscv32-unknown-elf-g++
configure:3632: found /opt/riscv/bin/riscv32-unknown-elf-g++
configure:3643: result: riscv32-unknown-elf-g++
configure:3719: checking for C++ compiler version
configure:3728: riscv32-unknown-elf-g++ --version >&5
riscv32-unknown-elf-g++ () 13.2.0
Copyright (C) 2023 Free Software Foundation, Inc.
This is free software; see the source for copying conditions.  There is NO
warranty; not even for MERCHANTABILITY or FITNESS FOR A PARTICULAR PURPOSE.

configure:3739: $? = 0
configure:3728: riscv32-unknown-elf-g++ -v >&5
Using built-in specs.
COLLECT_GCC=riscv32-unknown-elf-g++
COLLECT_LTO_WRAPPER=/opt/riscv/libexec/gcc/riscv32-unknown-elf/13.2.0/lto-wrapper
Target: riscv32-unknown-elf
Configured with: /home/wsl/riscv-gnu-toolchain/gcc/configure --target=riscv32-unknown-elf --prefix=/opt/riscv --disable-shared --disable-threads --enable-languages=c,c++ --with-pkgversion= --with-system-zlib --enable-tls --with-newlib --with-sysroot=/opt/riscv/riscv32-unknown-elf --with-native-system-header-dir=/include --disable-libmudflap --disable-libssp --disable-libquadmath --disable-libgomp --disable-nls --disable-tm-clone-registry --src=.././gcc --disable-multilib --with-abi=ilp32 --with-arch=rv32imzicsr --with-tune=rocket --with-isa-spec=20191213 'CFLAGS_FOR_TARGET=-Os    -mcmodel=medlow' 'CXXFLAGS_FOR_TARGET=-Os    -mcmodel=medlow'
Thread model: single
Supported LTO compression algorithms: zlib
gcc version 13.2.0 () 
configure:3739: $? = 0
configure:3728: riscv32-unknown-elf-g++ -V >&5
riscv32-unknown-elf-g++: error: unrecognized command-line option '-V'
riscv32-unknown-elf-g++: fatal error: no input files
compilation terminated.
configure:3739: $? = 1
configure:3728: riscv32-unknown-elf-g++ -qversion >&5
riscv32-unknown-elf-g++: error: unrecognized command-line option '-qversion'; did you mean '--version'?
riscv32-unknown-elf-g++: fatal error: no input files
compilation terminated.
configure:3739: $? = 1
configure:3743: checking whether the compiler supports GNU C++
configure:3763: riscv32-unknown-elf-g++ -c   conftest.cpp >&5
configure:3763: $? = 0
configure:3773: result: yes
configure:3784: checking whether riscv32-unknown-elf-g++ accepts -g
configure:3805: riscv32-unknown-elf-g++ -c -g  conftest.cpp >&5
configure:3805: $? = 0
configure:3849: result: yes
configure:3869: checking for riscv32-unknown-elf-g++ option to enable C++11 features
configure:3884: riscv32-unknown-elf-g++  -c -g -O2  conftest.cpp >&5
conftest.cpp: In function 'int main(int, char**)':
conftest.cpp:175:25: warning: empty parentheses were disambiguated as a function declaration [-Wvexing-parse]
  175 |   cxx11test::delegate d2();
      |                         ^~
conftest.cpp:175:25: note: remove parentheses to default-initialize a variable
  175 |   cxx11test::delegate d2();
      |                         ^~
      |                         --
conftest.cpp:175:25: note: or replace parentheses with braces to value-initialize a variable
configure:3884: $? = 0
configure:3902: result: none needed
configure:3974: checking for riscv32-unknown-elf-ar
configure:3995: found /opt/riscv/bin/riscv32-unknown-elf-ar
configure:4006: result: riscv32-unknown-elf-ar
configure:4076: checking for riscv32-unknown-elf-ranlib
configure:4097: found /opt/riscv/bin/riscv32-unknown-elf-ranlib
configure:4108: result: riscv32-unknown-elf-ranlib
configure:4224: checking for a BSD-compatible install
configure:4297: result: /usr/bin/install -c
configure:4452: checking for riscv32-unknown-elf-isa-run
configure:4487: result: no
configure:4452: checking for riscv32-unknown-elf-run
configure:4473: found /opt/riscv/bin/riscv32-unknown-elf-run
configure:4484: result: riscv32-unknown-elf-run
configure:4802: configuring internal subproject ubmark
configure:4947: creating ./config.status

## ---------------------- ##
## Running config.status. ##
## ---------------------- ##

This file was extended by ECE4750 Microbenchmark Suite config.status ?, which was
generated by GNU Autoconf 2.71.  Invocation command line was

  CONFIG_FILES    = 
  CONFIG_HEADERS  = 
  CONFIG_LINKS    = 
  CONFIG_COMMANDS = 
  $ ./config.status 

on LAPTOP-6BANPGCT

config.status:817: creating ubmark.mk
config.status:817: creating Makefile
config.status:817: creating ubmark-config.h

## ---------------- ##
## Cache variables. ##
## ---------------- ##

ac_cv_build=x86_64-unknown-linux-gnu
ac_cv_c_compiler_gnu=yes
ac_cv_cxx_compiler_gnu=yes
ac_cv_env_CCC_set=
ac_cv_env_CCC_value=
ac_cv_env_CC_set=
ac_cv_env_CC_value=
ac_cv_env_CFLAGS_set=
ac_cv_env_CFLAGS_value=
ac_cv_env_CPPFLAGS_set=
ac_cv_env_CPPFLAGS_value=
ac_cv_env_CXXFLAGS_set=
ac_cv_env_CXXFLAGS_value=
ac_cv_env_CXX_set=
ac_cv_env_CXX_value=
ac_cv_env_LDFLAGS_set=
ac_cv_env_LDFLAGS_value=
ac_cv_env_LIBS_set=
ac_cv_env_LIBS_value=
ac_cv_env_STOW_PREFIX_set=
ac_cv_env_STOW_PREFIX_value=
ac_cv_env_STOW_ROOT_set=
ac_cv_env_STOW_ROOT_value=
ac_cv_env_build_alias_set=
ac_cv_env_build_alias_value=
ac_cv_env_host_alias_set=set
ac_cv_env_host_alias_value=riscv32-unknown-elf
ac_cv_env_target_alias_set=
ac_cv_env_target_alias_value=
ac_cv_host=riscv32-unknown-elf
ac_cv_objext=o
ac_cv_path_install='/usr/bin/install -c'
ac_cv_prog_AR=riscv32-unknown-elf-ar
ac_cv_prog_CC=riscv32-unknown-elf-gcc
ac_cv_prog_CXX=riscv32-unknown-elf-g++
ac_cv_prog_RANLIB=riscv32-unknown-elf-ranlib
ac_cv_prog_RUN=riscv32-unknown-elf-run
ac_cv_prog_cc_c11=
ac_cv_prog_cc_g=yes
ac_cv_prog_cc_stdc=
ac_cv_prog_cxx_11=no
ac_cv_prog_cxx_cxx11=
ac_cv_prog_cxx_g=yes
ac_cv_prog_cxx_stdcxx=

## ----------------- ##
## Output variables. ##
## ----------------- ##

AR='riscv32-unknown-elf-ar'
CC='riscv32-unknown-elf-gcc'
CFLAGS='-Wall -g -O3 -march=rv32imzicsr'
CPPFLAGS=''
CXX='riscv32-unknown-elf-g++'
CXXFLAGS='-Wall -g -O3 -D_MIPS_ARCH_LLFU'
DEFS='-DHAVE_CONFIG_H'
ECHO_C=''
ECHO_N='-n'
ECHO_T=''
EXEEXT=''
INSTALL_DATA='${INSTALL} -m 644'
INSTALL_PROGRAM='${INSTALL}'
INSTALL_SCRIPT='${INSTALL}'
LDFLAGS=''
LIBOBJS=''
LIBS=''
LTLIBOBJS=''
OBJEXT='o'
PACKAGE_BUGREPORT='Ji Kim'
PACKAGE_NAME='ECE4750 Microbenchmark Suite'
PACKAGE_STRING='ECE4750 Microbenchmark Suite ?'
PACKAGE_TARNAME='ubmark'
PACKAGE_URL=''
PACKAGE_VERSION='?'
PATH_SEPARATOR=':'
RANLIB='riscv32-unknown-elf-ranlib'
RUN='riscv32-unknown-elf-run'
RUNFLAGS=''
SHELL='/bin/bash'
STOW_PREFIX=''
STOW_ROOT=''
ac_ct_CC=''
ac_ct_CXX=''
ac_ct_RUN=''
bindir='${exec_prefix}/bin'
build='x86_64-unknown-linux-gnu'
build_alias=''
build_cpu='x86_64'
build_os='linux-gnu'
build_vendor='unknown'
datadir='${datarootdir}'
datarootdir='${prefix}/share'
docdir='${datarootdir}/doc/${PACKAGE_TARNAME}'
dvidir='${docdir}'
enable_stow='no'
exec_prefix='${prefix}'
host='riscv32-unknown-elf'
host_alias='riscv32-unknown-elf'
host_cpu='riscv32'
host_os='elf'
host_vendor='unknown'
htmldir='${docdir}'
includedir='${prefix}/include'
infodir='${datarootdir}/info'
libdir='${exec_prefix}/lib'
libexecdir='${exec_prefix}/libexec'
localedir='${datarootdir}/locale'
localstatedir='${prefix}/var'
mandir='${datarootdir}/man'
mcppbs_include_external=''
mcppbs_include_external_en=''
mcppbs_include_internal='ubmark '
mcppbs_include_internal_en='ubmark '
mcppbs_install=''
oldincludedir='/usr/include'
pdfdir='${docdir}'
prefix='/usr/local'
program_transform_name='s,x,x,'
psdir='${docdir}'
runstatedir='${localstatedir}/run'
sbindir='${exec_prefix}/sbin'
sharedstatedir='${prefix}/com'
stow=''
sysconfdir='${prefix}/etc'
target_alias=''
ubmark_cppflags='-I../ubmark '
ubmark_extra_cppflags=''
ubmark_extra_ldflags=''
ubmark_extra_libs=''
ubmark_intdeps=''
ubmark_ldflags=''
ubmark_libs='-lubmark '
ubmark_pkcdeps=''

## ----------- ##
## confdefs.h. ##
## ----------- ##

/* confdefs.h */
#define PACKAGE_NAME "ECE4750 Microbenchmark Suite"
#define PACKAGE_TARNAME "ubmark"
#define PACKAGE_VERSION "?"
#define PACKAGE_STRING "ECE4750 Microbenchmark Suite ?"
#define PACKAGE_BUGREPORT "Ji Kim"
#define PACKAGE_URL ""
#define HAVE_UBMARK /**/

configure: exit 0
